Using pre-set license
Built from '2022.3/staging' branch; Version is '2022.3.16f1 (d2c21f0ef2f1) revision 13812255'; Using compiler version '192829333'; Build Type 'Release'
OS: 'Windows 10  (10.0.19045) 64bit Professional' Language: 'ru' Physical Memory: 16336 MB
BatchMode: 1, IsHumanControllingUs: 0, StartBugReporterOnCrash: 0, Is64bit: 1, IsPro: 1

COMMAND LINE ARGUMENTS:
S:\UnityEditors\2022.3.16f1\Editor\Unity.exe
-adb2
-batchMode
-noUpm
-name
AssetImportWorker0
-projectPath
D:/Ivan/GitHub/RVM8/GalleryLab/Gallery
-logFile
Logs/AssetImportWorker0.log
-srvPort
64037
Successfully changed project path to: D:/Ivan/GitHub/RVM8/GalleryLab/Gallery
D:/Ivan/GitHub/RVM8/GalleryLab/Gallery
[UnityMemory] Configuration Parameters - Can be set up in boot.config
    "memorysetup-bucket-allocator-granularity=16"
    "memorysetup-bucket-allocator-bucket-count=8"
    "memorysetup-bucket-allocator-block-size=33554432"
    "memorysetup-bucket-allocator-block-count=8"
    "memorysetup-main-allocator-block-size=16777216"
    "memorysetup-thread-allocator-block-size=16777216"
    "memorysetup-gfx-main-allocator-block-size=16777216"
    "memorysetup-gfx-thread-allocator-block-size=16777216"
    "memorysetup-cache-allocator-block-size=4194304"
    "memorysetup-typetree-allocator-block-size=2097152"
    "memorysetup-profiler-bucket-allocator-granularity=16"
    "memorysetup-profiler-bucket-allocator-bucket-count=8"
    "memorysetup-profiler-bucket-allocator-block-size=33554432"
    "memorysetup-profiler-bucket-allocator-block-count=8"
    "memorysetup-profiler-allocator-block-size=16777216"
    "memorysetup-profiler-editor-allocator-block-size=1048576"
    "memorysetup-temp-allocator-size-main=16777216"
    "memorysetup-job-temp-allocator-block-size=2097152"
    "memorysetup-job-temp-allocator-block-size-background=1048576"
    "memorysetup-job-temp-allocator-reduction-small-platforms=262144"
    "memorysetup-allocator-temp-initial-block-size-main=262144"
    "memorysetup-allocator-temp-initial-block-size-worker=262144"
    "memorysetup-temp-allocator-size-background-worker=32768"
    "memorysetup-temp-allocator-size-job-worker=262144"
    "memorysetup-temp-allocator-size-preload-manager=33554432"
    "memorysetup-temp-allocator-size-nav-mesh-worker=65536"
    "memorysetup-temp-allocator-size-audio-worker=65536"
    "memorysetup-temp-allocator-size-cloud-worker=32768"
    "memorysetup-temp-allocator-size-gi-baking-worker=262144"
    "memorysetup-temp-allocator-size-gfx=262144"
Player connection [17504] Host "[IP] 192.168.0.104 [Port] 0 [Flags] 2 [Guid] 1349067795 [EditorId] 1349067795 [Version] 1048832 [Id] WindowsEditor(7,DESKTOP-N31MH5V) [Debug] 1 [PackageName] WindowsEditor [ProjectName] Editor" joined multi-casting on [225.0.0.222:54997]...

Player connection [17504] Host "[IP] 192.168.0.104 [Port] 0 [Flags] 2 [Guid] 1349067795 [EditorId] 1349067795 [Version] 1048832 [Id] WindowsEditor(7,DESKTOP-N31MH5V) [Debug] 1 [PackageName] WindowsEditor [ProjectName] Editor" joined alternative multi-casting on [225.0.0.222:34997]...

[Physics::Module] Initialized MultithreadedJobDispatcher with 3 workers.
Refreshing native plugins compatible for Editor in 7.39 ms, found 3 plugins.
Preloading 0 native plugins for Editor in 0.00 ms.
Initialize engine version: 2022.3.16f1 (d2c21f0ef2f1)
[Subsystems] Discovering subsystems at path S:/UnityEditors/2022.3.16f1/Editor/Data/Resources/UnitySubsystems
[Subsystems] Discovering subsystems at path D:/Ivan/GitHub/RVM8/GalleryLab/Gallery/Assets
GfxDevice: creating device client; threaded=0; jobified=0
Direct3D:
    Version:  Direct3D 11.0 [level 11.1]
    Renderer: NVIDIA GeForce GTX 1060 3GB (ID=0x1b84)
    Vendor:   NVIDIA
    VRAM:     2979 MB
    Driver:   31.0.15.4633
Initialize mono
Mono path[0] = 'S:/UnityEditors/2022.3.16f1/Editor/Data/Managed'
Mono path[1] = 'S:/UnityEditors/2022.3.16f1/Editor/Data/MonoBleedingEdge/lib/mono/unityjit-win32'
Mono config path = 'S:/UnityEditors/2022.3.16f1/Editor/Data/MonoBleedingEdge/etc'
Using monoOptions --debugger-agent=transport=dt_socket,embedding=1,server=y,suspend=n,address=127.0.0.1:56672
Begin MonoManager ReloadAssembly
Registering precompiled unity dll's ...
Register platform support module: S:/UnityEditors/2022.3.16f1/Editor/Data/PlaybackEngines/WebGLSupport/UnityEditor.WebGL.Extensions.dll
Register platform support module: S:/UnityEditors/2022.3.16f1/Editor/Data/PlaybackEngines/WindowsStandaloneSupport/UnityEditor.WindowsStandalone.Extensions.dll
Registered in 0.005684 seconds.
- Loaded All Assemblies, in  0.378 seconds
Native extension for WindowsStandalone target not found
Native extension for WebGL target not found
Mono: successfully reloaded assembly
- Finished resetting the current domain, in  0.291 seconds
Domain Reload Profiling: 669ms
	BeginReloadAssembly (120ms)
		ExecutionOrderSort (0ms)
		DisableScriptedObjects (0ms)
		BackupInstance (0ms)
		ReleaseScriptingObjects (0ms)
		CreateAndSetChildDomain (1ms)
	RebuildCommonClasses (39ms)
	RebuildNativeTypeToScriptingClass (11ms)
	initialDomainReloadingComplete (52ms)
	LoadAllAssembliesAndSetupDomain (156ms)
		LoadAssemblies (119ms)
		RebuildTransferFunctionScriptingTraits (0ms)
		AnalyzeDomain (153ms)
			TypeCache.Refresh (152ms)
				TypeCache.ScanAssembly (137ms)
			ScanForSourceGeneratedMonoScriptInfo (0ms)
			ResolveRequiredComponents (0ms)
	FinalizeReload (291ms)
		ReleaseScriptCaches (0ms)
		RebuildScriptCaches (0ms)
		SetupLoadedEditorAssemblies (224ms)
			LogAssemblyErrors (0ms)
			InitializePlatformSupportModulesInManaged (8ms)
			SetLoadedEditorAssemblies (6ms)
			RefreshPlugins (0ms)
			BeforeProcessingInitializeOnLoad (3ms)
			ProcessInitializeOnLoadAttributes (153ms)
			ProcessInitializeOnLoadMethodAttributes (54ms)
			AfterProcessingInitializeOnLoad (0ms)
			EditorAssembliesLoaded (0ms)
		ExecutionOrderSort2 (0ms)
		AwakeInstancesAfterBackupRestoration (0ms)
========================================================================
Worker process is ready to serve import requests
Begin MonoManager ReloadAssembly
- Loaded All Assemblies, in  0.673 seconds
Refreshing native plugins compatible for Editor in 2.22 ms, found 3 plugins.
Native extension for WindowsStandalone target not found
Native extension for WebGL target not found
Package Manager log level set to [2]
[Package Manager] Server::EnsureServerProcessIsRunning -- launch failed, reason: Unity was launched with the -noUpm command-line argument
[Package Manager] UpmClient::Send -- Unable to send message (not connected to UPM process).
[Package Manager] Cannot connect to Unity Package Manager local server
Mono: successfully reloaded assembly
- Finished resetting the current domain, in  0.771 seconds
Domain Reload Profiling: 1445ms
	BeginReloadAssembly (158ms)
		ExecutionOrderSort (0ms)
		DisableScriptedObjects (5ms)
		BackupInstance (0ms)
		ReleaseScriptingObjects (0ms)
		CreateAndSetChildDomain (21ms)
	RebuildCommonClasses (35ms)
	RebuildNativeTypeToScriptingClass (13ms)
	initialDomainReloadingComplete (38ms)
	LoadAllAssembliesAndSetupDomain (430ms)
		LoadAssemblies (293ms)
		RebuildTransferFunctionScriptingTraits (0ms)
		AnalyzeDomain (232ms)
			TypeCache.Refresh (203ms)
				TypeCache.ScanAssembly (186ms)
			ScanForSourceGeneratedMonoScriptInfo (22ms)
			ResolveRequiredComponents (6ms)
	FinalizeReload (772ms)
		ReleaseScriptCaches (0ms)
		RebuildScriptCaches (0ms)
		SetupLoadedEditorAssemblies (551ms)
			LogAssemblyErrors (0ms)
			InitializePlatformSupportModulesInManaged (7ms)
			SetLoadedEditorAssemblies (6ms)
			RefreshPlugins (0ms)
			BeforeProcessingInitializeOnLoad (73ms)
			ProcessInitializeOnLoadAttributes (439ms)
			ProcessInitializeOnLoadMethodAttributes (23ms)
			AfterProcessingInitializeOnLoad (4ms)
			EditorAssembliesLoaded (0ms)
		ExecutionOrderSort2 (0ms)
		AwakeInstancesAfterBackupRestoration (10ms)
Launched and connected shader compiler UnityShaderCompiler.exe after 0.14 seconds
Refreshing native plugins compatible for Editor in 2.22 ms, found 3 plugins.
Preloading 0 native plugins for Editor in 0.00 ms.
Unloading 3626 Unused Serialized files (Serialized files now loaded: 0)
Unloading 52 unused Assets / (130.8 KB). Loaded Objects now: 4087.
Memory consumption went from 133.8 MB to 133.7 MB.
Total: 4.286900 ms (FindLiveObjects: 0.463100 ms CreateObjectMapping: 0.752800 ms MarkObjects: 2.904000 ms  DeleteObjects: 0.166000 ms)

AssetImportParameters requested are different than current active one (requested -> active):
  custom:container-demuxer-ogg: 62fdf1f143b41e24485cea50d1cbac27 -> 
  custom:video-decoder-ogg-theora: a1e56fd34408186e4bbccfd4996cb3dc -> 
  custom:framework-win-MediaFoundation: 216162199b28c13a410421893ffa2e32 -> 
  custom:CustomObjectIndexerAttribute: 43b350a4d6e6d1791af0b5038c4bea17 -> 
  custom:container-demuxer-webm: 4f35f7cbe854078d1ac9338744f61a02 -> 
  custom:container-muxer-webm: aa71ff27fc2769a1b78a27578f13a17b -> 
  custom:video-decoder-webm-vp8: 9c59270c3fd7afecdb556c50c9e8de78 -> 
  custom:SearchIndexIgnoredProperties: e643bd26f0fe6173181afceb89e7c659 -> 
  custom:AudioImporter_EditorPlatform: d09bf68614088b80899f8185d706f6e7 -> 
  custom:video-encoder-webm-vp8: eb34c28f22e8b96e1ab97ce403110664 -> 
  custom:audio-decoder-ogg-vorbis: bf7c407c2cedff20999df2af8eb42d56 -> 
  custom:audio-encoder-webm-vorbis: bf7c407c2cedff20999df2af8eb42d56 -> 
========================================================================
Received Import Request.
  Time since last request: 1251804.781577 seconds.
  path: Assets
  artifactKey: Guid(00000000000000001000000000000000) Importer(815301076,1909f56bfc062723c751e8b465ee728b)
Start importing Assets using Guid(00000000000000001000000000000000) Importer(815301076,1909f56bfc062723c751e8b465ee728b)  -> (artifact id: '8a4fe85251aa2e89732c359432baa2c3') in 0.003529 seconds
Number of updated asset objects reloaded before import = 0
Number of asset objects unloaded after import = 0
========================================================================
Received Import Request.
  Time since last request: 3.465634 seconds.
  path: Assets/Scripts
  artifactKey: Guid(398073546cde8eb448d3c820454f80c6) Importer(815301076,1909f56bfc062723c751e8b465ee728b)
Start importing Assets/Scripts using Guid(398073546cde8eb448d3c820454f80c6) Importer(815301076,1909f56bfc062723c751e8b465ee728b)  -> (artifact id: 'be2bf6edc6a7b47afcfda1e248aa066c') in 0.000483 seconds
Number of updated asset objects reloaded before import = 0
Number of asset objects unloaded after import = 0
========================================================================
Received Import Request.
  Time since last request: 12.426072 seconds.
  path: Assets/Models
  artifactKey: Guid(1f6619929fd295047a36ea3ed1c9c47d) Importer(815301076,1909f56bfc062723c751e8b465ee728b)
Start importing Assets/Models using Guid(1f6619929fd295047a36ea3ed1c9c47d) Importer(815301076,1909f56bfc062723c751e8b465ee728b)  -> (artifact id: 'ae0e5dfb33a10f0721512a1feb4df464') in 0.000553 seconds
Number of updated asset objects reloaded before import = 0
Number of asset objects unloaded after import = 0
========================================================================
Received Import Request.
  Time since last request: 472.189636 seconds.
  path: Assets/Models/Gallery
  artifactKey: Guid(f323f0780966e4b449a56a4be2037ee3) Importer(815301076,1909f56bfc062723c751e8b465ee728b)
Start importing Assets/Models/Gallery using Guid(f323f0780966e4b449a56a4be2037ee3) Importer(815301076,1909f56bfc062723c751e8b465ee728b)  -> (artifact id: '18fbda3fa00055cf9cc37850f579f9d9') in 0.000644 seconds
Number of updated asset objects reloaded before import = 0
Number of asset objects unloaded after import = 0
========================================================================
Received Import Request.
  Time since last request: 6.407888 seconds.
  path: Assets/Models/Stand
  artifactKey: Guid(91c7a990aa1899b4299f4f4fe328a67b) Importer(815301076,1909f56bfc062723c751e8b465ee728b)
Start importing Assets/Models/Stand using Guid(91c7a990aa1899b4299f4f4fe328a67b) Importer(815301076,1909f56bfc062723c751e8b465ee728b)  -> (artifact id: 'c9cbfc7d07e0925b49dfb01a3c92b0c8') in 0.000447 seconds
Number of updated asset objects reloaded before import = 0
Number of asset objects unloaded after import = 0
========================================================================
Received Import Request.
  Time since last request: 27.125305 seconds.
  path: Assets/Models/Paintings
  artifactKey: Guid(522c547243fb2c54b8391e0b3c9a1520) Importer(815301076,1909f56bfc062723c751e8b465ee728b)
Start importing Assets/Models/Paintings using Guid(522c547243fb2c54b8391e0b3c9a1520) Importer(815301076,1909f56bfc062723c751e8b465ee728b)  -> (artifact id: 'da2e8d8d5a72b1baf4ec321d8e4207c5') in 0.000455 seconds
Number of updated asset objects reloaded before import = 0
Number of asset objects unloaded after import = 0
========================================================================
Received Import Request.
  Time since last request: 23.761195 seconds.
  path: Assets/Models/Exhibits
  artifactKey: Guid(6e42859b978a99a42830e3d3d5e57042) Importer(815301076,1909f56bfc062723c751e8b465ee728b)
Start importing Assets/Models/Exhibits using Guid(6e42859b978a99a42830e3d3d5e57042) Importer(815301076,1909f56bfc062723c751e8b465ee728b)  -> (artifact id: 'b98cbcfbd09b70f63fcace6601eb7401') in 0.000445 seconds
Number of updated asset objects reloaded before import = 0
Number of asset objects unloaded after import = 0
========================================================================
Received Import Request.
  Time since last request: 66.937592 seconds.
  path: Assets/Models/Stand/stand.fbx
  artifactKey: Guid(b14436974dab66a47b932e7b631160ce) Importer(815301076,1909f56bfc062723c751e8b465ee728b)
Start importing Assets/Models/Stand/stand.fbx using Guid(b14436974dab66a47b932e7b631160ce) Importer(815301076,1909f56bfc062723c751e8b465ee728b)  -> (artifact id: 'bd244fa0cbe9a0a1b24b9ec7ede74d30') in 0.471889 seconds
Number of updated asset objects reloaded before import = 0
Number of asset objects unloaded after import = 9
========================================================================
Received Import Request.
  Time since last request: 54.974301 seconds.
  path: Assets/Models/Stand/stand.fbx
  artifactKey: Guid(b14436974dab66a47b932e7b631160ce) Importer(815301076,1909f56bfc062723c751e8b465ee728b)
Start importing Assets/Models/Stand/stand.fbx using Guid(b14436974dab66a47b932e7b631160ce) Importer(815301076,1909f56bfc062723c751e8b465ee728b)  -> (artifact id: 'a27e1b110d15dbe862056739cfa032ba') in 0.042209 seconds
Number of updated asset objects reloaded before import = 0
Number of asset objects unloaded after import = 9
========================================================================
Received Import Request.
  Time since last request: 34.428853 seconds.
  path: Assets/Models/Stand/stand.fbx
  artifactKey: Guid(b14436974dab66a47b932e7b631160ce) Importer(815301076,1909f56bfc062723c751e8b465ee728b)
Start importing Assets/Models/Stand/stand.fbx using Guid(b14436974dab66a47b932e7b631160ce) Importer(815301076,1909f56bfc062723c751e8b465ee728b)  -> (artifact id: 'd406e1fd70d252a13c99dc74aadf2bed') in 0.052148 seconds
Number of updated asset objects reloaded before import = 0
Number of asset objects unloaded after import = 9
========================================================================
Received Import Request.
  Time since last request: 4.605227 seconds.
  path: Assets/Models/Stand/StandMat
  artifactKey: Guid(c6968af8f253d91478d7e228957eb55a) Importer(815301076,1909f56bfc062723c751e8b465ee728b)
Start importing Assets/Models/Stand/StandMat using Guid(c6968af8f253d91478d7e228957eb55a) Importer(815301076,1909f56bfc062723c751e8b465ee728b)  -> (artifact id: 'b84d686a283b897a0d84a8bcce3324cd') in 0.000539 seconds
Number of updated asset objects reloaded before import = 0
Number of asset objects unloaded after import = 0
========================================================================
Received Import Request.
  Time since last request: 1.169377 seconds.
  path: Assets/Models/Stand/StandMat/Pic Holder_Old Wood.mat
  artifactKey: Guid(6e3e7b7e51c75674dbaa76d0c9bc4950) Importer(815301076,1909f56bfc062723c751e8b465ee728b)
Start importing Assets/Models/Stand/StandMat/Pic Holder_Old Wood.mat using Guid(6e3e7b7e51c75674dbaa76d0c9bc4950) Importer(815301076,1909f56bfc062723c751e8b465ee728b)  -> (artifact id: '5f90b142dd700a9e4154c7acf5be7701') in 0.026362 seconds
Number of updated asset objects reloaded before import = 0
Number of asset objects unloaded after import = 1
========================================================================
Received Import Request.
  Time since last request: 0.000020 seconds.
  path: Assets/Models/Stand/StandMat/Polished Wood.mat
  artifactKey: Guid(ec020d3c7e628d84bbc9f659322f3bd4) Importer(815301076,1909f56bfc062723c751e8b465ee728b)
Start importing Assets/Models/Stand/StandMat/Polished Wood.mat using Guid(ec020d3c7e628d84bbc9f659322f3bd4) Importer(815301076,1909f56bfc062723c751e8b465ee728b)  -> (artifact id: '7335151b2d4891c7d3a4d295a9113bbc') in 0.017163 seconds
Number of updated asset objects reloaded before import = 0
Number of asset objects unloaded after import = 1
========================================================================
Received Import Request.
  Time since last request: 227.550941 seconds.
  path: Assets/Models/Stand/stand.fbx
  artifactKey: Guid(b14436974dab66a47b932e7b631160ce) Importer(815301076,1909f56bfc062723c751e8b465ee728b)
Start importing Assets/Models/Stand/stand.fbx using Guid(b14436974dab66a47b932e7b631160ce) Importer(815301076,1909f56bfc062723c751e8b465ee728b)  -> (artifact id: '9d78174304ab8ee6754207567a44207e') in 0.033974 seconds
Number of updated asset objects reloaded before import = 0
Number of asset objects unloaded after import = 9
========================================================================
Received Import Request.
  Time since last request: 494.533098 seconds.
  path: Assets/Models/Stand/stand.fbx
  artifactKey: Guid(b14436974dab66a47b932e7b631160ce) Importer(815301076,1909f56bfc062723c751e8b465ee728b)
Start importing Assets/Models/Stand/stand.fbx using Guid(b14436974dab66a47b932e7b631160ce) Importer(815301076,1909f56bfc062723c751e8b465ee728b)  -> (artifact id: '59c7a4d4f09f176fd5d1f5560d9448cd') in 0.039615 seconds
Number of updated asset objects reloaded before import = 0
Number of asset objects unloaded after import = 9
========================================================================
Received Import Request.
  Time since last request: 126.527269 seconds.
  path: Assets/Models/Stand/stand.fbx
  artifactKey: Guid(b14436974dab66a47b932e7b631160ce) Importer(815301076,1909f56bfc062723c751e8b465ee728b)
Start importing Assets/Models/Stand/stand.fbx using Guid(b14436974dab66a47b932e7b631160ce) Importer(815301076,1909f56bfc062723c751e8b465ee728b)  -> (artifact id: '4e4f3d7c4f431651a4cfa334654bebd6') in 0.056136 seconds
Number of updated asset objects reloaded before import = 0
Number of asset objects unloaded after import = 9
========================================================================
Received Import Request.
  Time since last request: 15.473285 seconds.
  path: Assets/Models/Stand/stand.fbx
  artifactKey: Guid(b14436974dab66a47b932e7b631160ce) Importer(815301076,1909f56bfc062723c751e8b465ee728b)
Start importing Assets/Models/Stand/stand.fbx using Guid(b14436974dab66a47b932e7b631160ce) Importer(815301076,1909f56bfc062723c751e8b465ee728b)  -> (artifact id: '328ba2f1dc4daabc47f4282a8edd1fb0') in 0.051027 seconds
Number of updated asset objects reloaded before import = 0
Number of asset objects unloaded after import = 9
========================================================================
Received Import Request.
  Time since last request: 150.653560 seconds.
  path: Assets/Models/Gallery/art_scene.fbx
  artifactKey: Guid(b609d305adfa5ed498a8f6f06483af90) Importer(815301076,1909f56bfc062723c751e8b465ee728b)
Start importing Assets/Models/Gallery/art_scene.fbx using Guid(b609d305adfa5ed498a8f6f06483af90) Importer(815301076,1909f56bfc062723c751e8b465ee728b)  -> (artifact id: 'dbc4e73fd0ffbedaccb82e6e534de7a8') in 0.191335 seconds
Number of updated asset objects reloaded before import = 0
Number of asset objects unloaded after import = 72
